==========================
Processing function: main
blocks =
main:
x0 := $30
x1 := $31
x2 := $16
x3 := $17
x4 := $18
x5 := $19
x6 := $20
x7 := $21
x8 := $22
x9 := $23
x10 := 12
x11 := 4
x12 := x10+x11
$2 := x12
jump .L0

.L1:
jump .L0

.L0:
$30 := x0
$31 := x1
$16 := x2
$17 := x3
$18 := x4
$19 := x5
$20 := x6
$21 := x7
$22 := x8
$23 := x9
return

{
  $2	: {x0,x1,x2,x3,x4,x5,x6,x7,x8,x9}
  $16	: {x0,x1,x3,x4,x5,x6,x7,x8,x9}
  $17	: {x0,x1,x2,x4,x5,x6,x7,x8,x9}
  $18	: {x0,x1,x2,x3,x5,x6,x7,x8,x9}
  $19	: {x0,x1,x2,x3,x4,x6,x7,x8,x9}
  $20	: {x0,x1,x2,x3,x4,x5,x7,x8,x9}
  $21	: {x0,x1,x2,x3,x4,x5,x6,x8,x9}
  $22	: {x0,x1,x2,x3,x4,x5,x6,x7,x9}
  $23	: {x0,x1,x2,x3,x4,x5,x6,x7,x8}
  $30	: {x1,x2,x3,x4,x5,x6,x7,x8,x9}
  $31	: {x0,x2,x3,x4,x5,x6,x7,x8,x9}
  x0	: {$2,$16,$17,$18,$19,$20,$21,$22,$23,$31,x1,x10,x11,x12,x2,x3,x4,x5,x6,x7,x8,x9}
  x1	: {$2,$16,$17,$18,$19,$20,$21,$22,$23,$30,x0,x10,x11,x12,x2,x3,x4,x5,x6,x7,x8,x9}
  x10	: {x0,x1,x11,x2,x3,x4,x5,x6,x7,x8,x9}
  x11	: {x0,x1,x10,x2,x3,x4,x5,x6,x7,x8,x9}
  x12	: {x0,x1,x2,x3,x4,x5,x6,x7,x8,x9}
  x2	: {$2,$17,$18,$19,$20,$21,$22,$23,$30,$31,x0,x1,x10,x11,x12,x3,x4,x5,x6,x7,x8,x9}
  x3	: {$2,$16,$18,$19,$20,$21,$22,$23,$30,$31,x0,x1,x10,x11,x12,x2,x4,x5,x6,x7,x8,x9}
  x4	: {$2,$16,$17,$19,$20,$21,$22,$23,$30,$31,x0,x1,x10,x11,x12,x2,x3,x5,x6,x7,x8,x9}
  x5	: {$2,$16,$17,$18,$20,$21,$22,$23,$30,$31,x0,x1,x10,x11,x12,x2,x3,x4,x6,x7,x8,x9}
  x6	: {$2,$16,$17,$18,$19,$21,$22,$23,$30,$31,x0,x1,x10,x11,x12,x2,x3,x4,x5,x7,x8,x9}
  x7	: {$2,$16,$17,$18,$19,$20,$22,$23,$30,$31,x0,x1,x10,x11,x12,x2,x3,x4,x5,x6,x8,x9}
  x8	: {$2,$16,$17,$18,$19,$20,$21,$23,$30,$31,x0,x1,x10,x11,x12,x2,x3,x4,x5,x6,x7,x9}
  x9	: {$2,$16,$17,$18,$19,$20,$21,$22,$30,$31,x0,x1,x10,x11,x12,x2,x3,x4,x5,x6,x7,x8}
}
