==========================
Processing function: main
blocks =
main:
x0 := $30
x1 := $31
x2 := $16
x3 := $17
x4 := $18
x5 := $19
x6 := $20
x7 := $21
x8 := $22
x9 := $23
x10 := 2
x11 := 3
x12 := 0
x13 := 0
x14 := 0
x15 := 0
x16 := 0
x17 := 0
x18 := 0
x19 := 0
if x10<0 goto .L3 else goto .L6

.L6:
if x10>3 goto .L3 else goto .L5

.L5:
if x11<0 goto .L3 else goto .L4

.L4:
if x11>3 goto .L3 else goto .L2

.L3:
x20 := 0-1
$2 := x20
jump .L0

.L7:
jump .L1

.L2:
jump .L1

.L1:
if x10>=2 goto .L10 else goto .L9

.L10:
x12 := 1
jump .L8

.L9:
x12 := 0
jump .L8

.L8:
x21 := 2*x12
x22 := x10-x21
x14 := x22
if x11>=2 goto .L13 else goto .L12

.L13:
x13 := 1
jump .L11

.L12:
x13 := 0
jump .L11

.L11:
x23 := 2*x13
x24 := x11-x23
x15 := x24
if x14!=0 goto .L17 else goto .L18

.L18:
if x15!=0 goto .L17 else goto .L15

.L17:
if x14!=0 goto .L19 else goto .L16

.L19:
if x15!=0 goto .L15 else goto .L16

.L16:
x16 := 1
jump .L14

.L15:
x16 := 0
jump .L14

.L14:
if x14!=0 goto .L23 else goto .L21

.L23:
if x15!=0 goto .L22 else goto .L21

.L22:
x17 := 1
jump .L20

.L21:
x17 := 0
jump .L20

.L20:
if x12!=0 goto .L31 else goto .L29

.L31:
if x13!=0 goto .L30 else goto .L29

.L30:
if x17!=0 goto .L26 else goto .L29

.L29:
if x12!=0 goto .L33 else goto .L28

.L33:
if x13!=0 goto .L28 else goto .L32

.L32:
if x17!=0 goto .L28 else goto .L26

.L28:
if x12!=0 goto .L27 else goto .L35

.L35:
if x13!=0 goto .L34 else goto .L27

.L34:
if x17!=0 goto .L27 else goto .L26

.L27:
if x12!=0 goto .L25 else goto .L37

.L37:
if x13!=0 goto .L25 else goto .L36

.L36:
if x17!=0 goto .L26 else goto .L25

.L26:
x18 := 1
jump .L24

.L25:
x18 := 0
jump .L24

.L24:
if x12!=0 goto .L43 else goto .L42

.L43:
if x13!=0 goto .L40 else goto .L42

.L42:
if x12!=0 goto .L44 else goto .L41

.L44:
if x17!=0 goto .L40 else goto .L41

.L41:
if x13!=0 goto .L45 else goto .L39

.L45:
if x17!=0 goto .L40 else goto .L39

.L40:
x19 := 1
jump .L38

.L39:
x19 := 0
jump .L38

.L38:
x25 := 4*x19
x26 := 2*x18
x27 := x25+x26
x28 := x27+x16
$2 := x28
jump .L0

.L46:
jump .L0

.L0:
$30 := x0
$31 := x1
$16 := x2
$17 := x3
$18 := x4
$19 := x5
$20 := x6
$21 := x7
$22 := x8
$23 := x9
return

{
  $2	: {x0,x1,x2,x3,x4,x5,x6,x7,x8,x9}
  $16	: {x0,x1,x3,x4,x5,x6,x7,x8,x9}
  $17	: {x0,x1,x2,x4,x5,x6,x7,x8,x9}
  $18	: {x0,x1,x2,x3,x5,x6,x7,x8,x9}
  $19	: {x0,x1,x2,x3,x4,x6,x7,x8,x9}
  $20	: {x0,x1,x2,x3,x4,x5,x7,x8,x9}
  $21	: {x0,x1,x2,x3,x4,x5,x6,x8,x9}
  $22	: {x0,x1,x2,x3,x4,x5,x6,x7,x9}
  $23	: {x0,x1,x2,x3,x4,x5,x6,x7,x8}
  $30	: {x1,x2,x3,x4,x5,x6,x7,x8,x9}
  $31	: {x0,x2,x3,x4,x5,x6,x7,x8,x9}
  x0	: {$2,$16,$17,$18,$19,$20,$21,$22,$23,$31,x1,x10,x11,x12,x13,x14,x15,x16,x17,x18,x19,x2,x20,x21,x22,x23,x24,x25,x26,x27,x28,x3,x4,x5,x6,x7,x8,x9}
  x1	: {$2,$16,$17,$18,$19,$20,$21,$22,$23,$30,x0,x10,x11,x12,x13,x14,x15,x16,x17,x18,x19,x2,x20,x21,x22,x23,x24,x25,x26,x27,x28,x3,x4,x5,x6,x7,x8,x9}
  x10	: {x0,x1,x11,x12,x13,x14,x15,x16,x17,x18,x19,x2,x21,x3,x4,x5,x6,x7,x8,x9}
  x11	: {x0,x1,x10,x12,x13,x14,x15,x16,x17,x18,x19,x2,x21,x22,x23,x3,x4,x5,x6,x7,x8,x9}
  x12	: {x0,x1,x10,x11,x13,x14,x15,x16,x17,x18,x2,x21,x22,x23,x24,x3,x4,x5,x6,x7,x8,x9}
  x13	: {x0,x1,x10,x11,x12,x14,x15,x16,x17,x18,x2,x23,x24,x3,x4,x5,x6,x7,x8,x9}
  x14	: {x0,x1,x10,x11,x12,x13,x15,x16,x2,x23,x24,x3,x4,x5,x6,x7,x8,x9}
  x15	: {x0,x1,x10,x11,x12,x13,x14,x16,x2,x3,x4,x5,x6,x7,x8,x9}
  x16	: {x0,x1,x10,x11,x12,x13,x14,x15,x17,x18,x19,x2,x25,x26,x27,x3,x4,x5,x6,x7,x8,x9}
  x17	: {x0,x1,x10,x11,x12,x13,x16,x18,x2,x3,x4,x5,x6,x7,x8,x9}
  x18	: {x0,x1,x10,x11,x12,x13,x16,x17,x19,x2,x25,x3,x4,x5,x6,x7,x8,x9}
  x19	: {x0,x1,x10,x11,x16,x18,x2,x3,x4,x5,x6,x7,x8,x9}
  x2	: {$2,$17,$18,$19,$20,$21,$22,$23,$30,$31,x0,x1,x10,x11,x12,x13,x14,x15,x16,x17,x18,x19,x20,x21,x22,x23,x24,x25,x26,x27,x28,x3,x4,x5,x6,x7,x8,x9}
  x20	: {x0,x1,x2,x3,x4,x5,x6,x7,x8,x9}
  x21	: {x0,x1,x10,x11,x12,x2,x3,x4,x5,x6,x7,x8,x9}
  x22	: {x0,x1,x11,x12,x2,x3,x4,x5,x6,x7,x8,x9}
  x23	: {x0,x1,x11,x12,x13,x14,x2,x3,x4,x5,x6,x7,x8,x9}
  x24	: {x0,x1,x12,x13,x14,x2,x3,x4,x5,x6,x7,x8,x9}
  x25	: {x0,x1,x16,x18,x2,x26,x3,x4,x5,x6,x7,x8,x9}
  x26	: {x0,x1,x16,x2,x25,x3,x4,x5,x6,x7,x8,x9}
  x27	: {x0,x1,x16,x2,x3,x4,x5,x6,x7,x8,x9}
  x28	: {x0,x1,x2,x3,x4,x5,x6,x7,x8,x9}
  x3	: {$2,$16,$18,$19,$20,$21,$22,$23,$30,$31,x0,x1,x10,x11,x12,x13,x14,x15,x16,x17,x18,x19,x2,x20,x21,x22,x23,x24,x25,x26,x27,x28,x4,x5,x6,x7,x8,x9}
  x4	: {$2,$16,$17,$19,$20,$21,$22,$23,$30,$31,x0,x1,x10,x11,x12,x13,x14,x15,x16,x17,x18,x19,x2,x20,x21,x22,x23,x24,x25,x26,x27,x28,x3,x5,x6,x7,x8,x9}
  x5	: {$2,$16,$17,$18,$20,$21,$22,$23,$30,$31,x0,x1,x10,x11,x12,x13,x14,x15,x16,x17,x18,x19,x2,x20,x21,x22,x23,x24,x25,x26,x27,x28,x3,x4,x6,x7,x8,x9}
  x6	: {$2,$16,$17,$18,$19,$21,$22,$23,$30,$31,x0,x1,x10,x11,x12,x13,x14,x15,x16,x17,x18,x19,x2,x20,x21,x22,x23,x24,x25,x26,x27,x28,x3,x4,x5,x7,x8,x9}
  x7	: {$2,$16,$17,$18,$19,$20,$22,$23,$30,$31,x0,x1,x10,x11,x12,x13,x14,x15,x16,x17,x18,x19,x2,x20,x21,x22,x23,x24,x25,x26,x27,x28,x3,x4,x5,x6,x8,x9}
  x8	: {$2,$16,$17,$18,$19,$20,$21,$23,$30,$31,x0,x1,x10,x11,x12,x13,x14,x15,x16,x17,x18,x19,x2,x20,x21,x22,x23,x24,x25,x26,x27,x28,x3,x4,x5,x6,x7,x9}
  x9	: {$2,$16,$17,$18,$19,$20,$21,$22,$30,$31,x0,x1,x10,x11,x12,x13,x14,x15,x16,x17,x18,x19,x2,x20,x21,x22,x23,x24,x25,x26,x27,x28,x3,x4,x5,x6,x7,x8}
}
